[26-Nov-2024 07:21:28 Europe/Berlin] PHP Warning:  Undefined array key "name" in C:\xamppnew\htdocs\techtrade\actions\manage_users.php on line 31
[26-Nov-2024 07:21:28 Europe/Berlin] PHP Warning:  Undefined array key "price" in C:\xamppnew\htdocs\techtrade\actions\manage_users.php on line 32
[26-Nov-2024 07:21:28 Europe/Berlin] PHP Warning:  Undefined array key "category_id" in C:\xamppnew\htdocs\techtrade\actions\manage_users.php on line 33
[26-Nov-2024 07:21:28 Europe/Berlin] PHP Warning:  Undefined array key "brand_id" in C:\xamppnew\htdocs\techtrade\actions\manage_users.php on line 34
[26-Nov-2024 07:21:28 Europe/Berlin] PHP Warning:  Undefined array key "description" in C:\xamppnew\htdocs\techtrade\actions\manage_users.php on line 35
[26-Nov-2024 07:21:28 Europe/Berlin] PHP Warning:  Undefined array key "images" in C:\xamppnew\htdocs\techtrade\actions\manage_users.php on line 36
[26-Nov-2024 07:21:28 Europe/Berlin] PHP Fatal error:  Uncaught mysqli_sql_exception: Unknown column 'price' in 'field list' in C:\xamppnew\htdocs\techtrade\settings\db_class.php:68
Stack trace:
#0 C:\xamppnew\htdocs\techtrade\settings\db_class.php(68): mysqli_query(Object(mysqli), 'INSERT INTO pro...')
#1 C:\xamppnew\htdocs\techtrade\classes\Product.php(14): db_connection->db_query('INSERT INTO pro...')
#2 C:\xamppnew\htdocs\techtrade\actions\manage_users.php(38): Product->add_product(NULL, NULL, NULL, NULL, NULL, NULL)
#3 {main}
  thrown in C:\xamppnew\htdocs\techtrade\settings\db_class.php on line 68
[26-Nov-2024 07:22:05 Europe/Berlin] PHP Warning:  Undefined array key "name" in C:\xamppnew\htdocs\techtrade\actions\manage_users.php on line 31
[26-Nov-2024 07:22:05 Europe/Berlin] PHP Warning:  Undefined array key "price" in C:\xamppnew\htdocs\techtrade\actions\manage_users.php on line 32
[26-Nov-2024 07:22:05 Europe/Berlin] PHP Warning:  Undefined array key "category_id" in C:\xamppnew\htdocs\techtrade\actions\manage_users.php on line 33
[26-Nov-2024 07:22:05 Europe/Berlin] PHP Warning:  Undefined array key "brand_id" in C:\xamppnew\htdocs\techtrade\actions\manage_users.php on line 34
[26-Nov-2024 07:22:05 Europe/Berlin] PHP Warning:  Undefined array key "description" in C:\xamppnew\htdocs\techtrade\actions\manage_users.php on line 35
[26-Nov-2024 07:22:05 Europe/Berlin] PHP Warning:  Undefined array key "images" in C:\xamppnew\htdocs\techtrade\actions\manage_users.php on line 36
[26-Nov-2024 07:22:05 Europe/Berlin] PHP Fatal error:  Uncaught mysqli_sql_exception: Unknown column 'price' in 'field list' in C:\xamppnew\htdocs\techtrade\settings\db_class.php:68
Stack trace:
#0 C:\xamppnew\htdocs\techtrade\settings\db_class.php(68): mysqli_query(Object(mysqli), 'INSERT INTO pro...')
#1 C:\xamppnew\htdocs\techtrade\classes\Product.php(14): db_connection->db_query('INSERT INTO pro...')
#2 C:\xamppnew\htdocs\techtrade\actions\manage_users.php(38): Product->add_product(NULL, NULL, NULL, NULL, NULL, NULL)
#3 {main}
  thrown in C:\xamppnew\htdocs\techtrade\settings\db_class.php on line 68
[26-Nov-2024 10:06:03 Europe/Berlin] PHP Warning:  Undefined array key "brand_id" in C:\xamppnew\htdocs\techtrade\actions\updateProduct.php on line 13
[26-Nov-2024 10:06:03 Europe/Berlin] PHP Warning:  Undefined array key "category_id" in C:\xamppnew\htdocs\techtrade\actions\updateProduct.php on line 14
[26-Nov-2024 10:06:03 Europe/Berlin] PHP Warning:  Undefined array key "name" in C:\xamppnew\htdocs\techtrade\classes\Product.php on line 18
[26-Nov-2024 10:06:03 Europe/Berlin] PHP Warning:  Undefined array key "description" in C:\xamppnew\htdocs\techtrade\classes\Product.php on line 18
[26-Nov-2024 10:06:03 Europe/Berlin] PHP Warning:  Undefined array key "brand_id" in C:\xamppnew\htdocs\techtrade\classes\Product.php on line 18
[26-Nov-2024 10:06:03 Europe/Berlin] PHP Warning:  Undefined array key "category_id" in C:\xamppnew\htdocs\techtrade\classes\Product.php on line 19
[26-Nov-2024 10:06:03 Europe/Berlin] PHP Warning:  Undefined array key "status" in C:\xamppnew\htdocs\techtrade\classes\Product.php on line 19
