2024-11-26 17:58:50 - Error deleting product: Cannot delete or update a parent row: a foreign key constraint fails (`techtrade`.`product_images`, CONSTRAINT `product_images_ibfk_1` FOREIGN KEY (`product_id`) REFERENCES `products` (`product_id`))
2024-11-26 18:10:18 - Error adding product: Cannot add or update a child row: a foreign key constraint fails (`techtrade`.`products`, CONSTRAINT `products_ibfk_1` FOREIGN KEY (`category_id`) REFERENCES `categories` (`category_id`))
2024-11-28 19:12:03 - Error adding product: Cannot add or update a child row: a foreign key constraint fails (`techtrade`.`products`, CONSTRAINT `products_ibfk_2` FOREIGN KEY (`brand_id`) REFERENCES `brands` (`brand_id`))
2024-11-29 21:54:26 - Error adding seller product: Duplicate entry '8-58' for key 'PRIMARY'
2024-11-30 22:09:49 - Error adding product: You have an error in your SQL syntax; check the manual that corresponds to your MariaDB server version for the right syntax to use near 's your favorite influencer wearing? Where'd they go on vacation? What's that ...' at line 2
2024-11-30 22:10:20 - Error adding product: You have an error in your SQL syntax; check the manual that corresponds to your MariaDB server version for the right syntax to use near 's your favorite influencer wearing? Where'd they go on vacation? What's that ...' at line 2
2024-11-30 22:12:21 - Error updating product: You have an error in your SQL syntax; check the manual that corresponds to your MariaDB server version for the right syntax to use near 's your favorite influencer wearing? Where'd they go on vacation? What's that ...' at line 5
2024-11-30 22:15:49 - Error updating product: You have an error in your SQL syntax; check the manual that corresponds to your MariaDB server version for the right syntax to use near 's your favorite influencer wearing? Where'd they go on vacation? What's that ...' at line 5
2024-11-30 22:58:53 - Error updating product: You have an error in your SQL syntax; check the manual that corresponds to your MariaDB server version for the right syntax to use near 's length.</li>
    <li><strong>Functionality:</strong> Successfully passed a...' at line 5
2024-11-30 22:59:13 - Error updating product: You have an error in your SQL syntax; check the manual that corresponds to your MariaDB server version for the right syntax to use near 's length.</li>
    <li><strong>Functionality:</strong> Successfully passed a...' at line 5
2024-11-30 22:59:19 - Error updating product: You have an error in your SQL syntax; check the manual that corresponds to your MariaDB server version for the right syntax to use near 's length.</li>
    <li><strong>Functionality:</strong> Successfully passed a...' at line 5
2024-11-30 23:00:04 - Error updating product: You have an error in your SQL syntax; check the manual that corresponds to your MariaDB server version for the right syntax to use near 's length.</li>
    <li><strong>Functionality:</strong> Successfully passed a...' at line 5
2024-12-02 14:23:27 - Error updating product: You have an error in your SQL syntax; check the manual that corresponds to your MariaDB server version for the right syntax to use near 's length.</li>
    <li><strong>Functionality:</strong> Successfully passed a...' at line 5
2024-12-02 14:23:43 - Error updating product: You have an error in your SQL syntax; check the manual that corresponds to your MariaDB server version for the right syntax to use near 's length.</li>
    <li><strong>Functionality:</strong> Successfully passed a...' at line 5
2024-12-02 14:23:56 - Error updating product: You have an error in your SQL syntax; check the manual that corresponds to your MariaDB server version for the right syntax to use near 's length.</li>
    <li><strong>Functionality:</strong> Successfully passed a...' at line 5
2024-12-02 14:24:57 - Error updating product: You have an error in your SQL syntax; check the manual that corresponds to your MariaDB server version for the right syntax to use near 's length.</li>
    <li><strong>Functionality:</strong> Successfully passed a...' at line 5
2024-12-02 14:26:13 - Error updating product: You have an error in your SQL syntax; check the manual that corresponds to your MariaDB server version for the right syntax to use near 's length.</li>
    <li><strong>Functionality:</strong> Successfully passed a...' at line 5
2024-12-02 14:27:28 - Error updating product: You have an error in your SQL syntax; check the manual that corresponds to your MariaDB server version for the right syntax to use near 's length.</li>
    <li><strong>Functionality:</strong> Successfully passed a...' at line 5
2024-12-02 14:27:57 - Error updating product: You have an error in your SQL syntax; check the manual that corresponds to your MariaDB server version for the right syntax to use near 's your favorite influencer wearing? Where'd they go on vacation? What's that ...' at line 5
2024-12-02 14:28:11 - Error updating product: You have an error in your SQL syntax; check the manual that corresponds to your MariaDB server version for the right syntax to use near 's your favorite influencer wearing? Where'd they go on vacation? What's that ...' at line 5
2024-12-02 14:31:50 - Error updating product: You have an error in your SQL syntax; check the manual that corresponds to your MariaDB server version for the right syntax to use near 's length.</li>
    <li><strong>Functionality:</strong> Successfully passed a...' at line 5
2024-12-02 14:31:57 - Error updating product: You have an error in your SQL syntax; check the manual that corresponds to your MariaDB server version for the right syntax to use near 's your favorite influencer wearing? Where'd they go on vacation? What's that ...' at line 5
2024-12-02 14:37:59 - Error adding product: You have an error in your SQL syntax; check the manual that corresponds to your MariaDB server version for the right syntax to use near 'll love the aluminum build that creates sleek durability, the full-size backl...' at line 2
2024-12-02 17:19:56 - Error adding product: You have an error in your SQL syntax; check the manual that corresponds to your MariaDB server version for the right syntax to use near 're using a drone or as if you have your own film crew. (Note: The stick is no...' at line 2
2024-12-02 17:20:13 - Error updating product: You have an error in your SQL syntax; check the manual that corresponds to your MariaDB server version for the right syntax to use near 're using a drone or as if you have your own film crew. (Note: The stick is no...' at line 5
2024-12-02 22:16:29 - Error updating product: You have an error in your SQL syntax; check the manual that corresponds to your MariaDB server version for the right syntax to use near 're streaming an HD movie, watching live sports, or looking back at home video...' at line 5
